<?xml version="1.0" encoding="UTF-8"?>
<!-- Generated by org.testng.reporters.JUnitXMLReporter -->
<testsuite ignored="1" hostname="Nandhini" failures="0" tests="2" name="Alone" time="19.061" errors="0" timestamp="2025-04-21T23:48:32 IST">
  <testcase classname="Nandhini.Tests.Alone" name="submitOrder" time="10.08"/>
  <testcase classname="Nandhini.Tests.Alone" name="submitOrder" time="8.92"/>
  <testcase classname="Nandhini.Tests.Alone" name="ordercheck" time="0.0">
    <ignored/>
  </testcase> <!-- ordercheck -->
</testsuite> <!-- Alone -->
